[0.673s] Invoking command in '/home/nakane/ros2_ws/src/mypkg': PYTHONPATH=/home/nakane/ros2_ws/build/mypkg/prefix_override:/home/nakane/ros2_ws/install/mypkg/lib/python3.10/site-packages:${PYTHONPATH} /usr/bin/python3 setup.py egg_info --egg-base ../../build/mypkg build --build-base /home/nakane/ros2_ws/build/mypkg/build install --record /home/nakane/ros2_ws/build/mypkg/install.log --single-version-externally-managed
[0.950s] running egg_info
[0.950s] writing ../../build/mypkg/mypkg.egg-info/PKG-INFO
[0.950s] writing dependency_links to ../../build/mypkg/mypkg.egg-info/dependency_links.txt
[0.950s] writing entry points to ../../build/mypkg/mypkg.egg-info/entry_points.txt
[0.951s] writing requirements to ../../build/mypkg/mypkg.egg-info/requires.txt
[0.951s] writing top-level names to ../../build/mypkg/mypkg.egg-info/top_level.txt
[0.953s] reading manifest file '../../build/mypkg/mypkg.egg-info/SOURCES.txt'
[0.953s] writing manifest file '../../build/mypkg/mypkg.egg-info/SOURCES.txt'
[0.954s] running build
[0.954s] running build_py
[0.954s] copying mypkg/talker.py -> /home/nakane/ros2_ws/build/mypkg/build/lib/mypkg
[0.959s] running install
[0.960s] /usr/lib/python3/dist-packages/setuptools/command/install.py:34: SetuptoolsDeprecationWarning: setup.py install is deprecated. Use build and pip and other standards-based tools.
[0.960s]   warnings.warn(
[0.960s] running install_lib
[0.961s] copying /home/nakane/ros2_ws/build/mypkg/build/lib/mypkg/talker.py -> /home/nakane/ros2_ws/install/mypkg/lib/python3.10/site-packages/mypkg
[0.962s] byte-compiling /home/nakane/ros2_ws/install/mypkg/lib/python3.10/site-packages/mypkg/talker.py to talker.cpython-310.pyc
[0.964s] running install_data
[0.964s] copying package.xml -> /home/nakane/ros2_ws/install/mypkg/share/mypkg
[0.965s] running install_egg_info
[0.966s] removing '/home/nakane/ros2_ws/install/mypkg/lib/python3.10/site-packages/mypkg-0.0.0-py3.10.egg-info' (and everything under it)
[0.968s] Copying ../../build/mypkg/mypkg.egg-info to /home/nakane/ros2_ws/install/mypkg/lib/python3.10/site-packages/mypkg-0.0.0-py3.10.egg-info
[0.981s] running install_scripts
[1.001s] Installing talker script to /home/nakane/ros2_ws/install/mypkg/lib/mypkg
[1.002s] writing list of installed files to '/home/nakane/ros2_ws/build/mypkg/install.log'
[1.015s] Invoked command in '/home/nakane/ros2_ws/src/mypkg' returned '0': PYTHONPATH=/home/nakane/ros2_ws/build/mypkg/prefix_override:/home/nakane/ros2_ws/install/mypkg/lib/python3.10/site-packages:${PYTHONPATH} /usr/bin/python3 setup.py egg_info --egg-base ../../build/mypkg build --build-base /home/nakane/ros2_ws/build/mypkg/build install --record /home/nakane/ros2_ws/build/mypkg/install.log --single-version-externally-managed
