[0.378s] DEBUG:colcon:Command line arguments: ['/usr/bin/colcon', 'build']
[0.379s] DEBUG:colcon:Parsed command line arguments: Namespace(log_base=None, log_level=None, verb_name='build', build_base='build', install_base='install', merge_install=False, symlink_install=False, test_result_base=None, continue_on_error=False, executor='parallel', parallel_workers=16, event_handlers=None, ignore_user_meta=False, metas=['./colcon.meta'], base_paths=['.'], packages_ignore=None, packages_ignore_regex=None, paths=None, packages_up_to=None, packages_up_to_regex=None, packages_above=None, packages_above_and_dependencies=None, packages_above_depth=None, packages_select_by_dep=None, packages_skip_by_dep=None, packages_skip_up_to=None, packages_select_build_failed=False, packages_skip_build_finished=False, packages_select_test_failures=False, packages_skip_test_passed=False, packages_select=None, packages_skip=None, packages_select_regex=None, packages_skip_regex=None, packages_start=None, packages_end=None, allow_overriding=[], cmake_args=None, cmake_target=None, cmake_target_skip_unavailable=False, cmake_clean_cache=False, cmake_clean_first=False, cmake_force_configure=False, ament_cmake_args=None, catkin_cmake_args=None, catkin_skip_building_tests=False, verb_parser=<colcon_defaults.argument_parser.defaults.DefaultArgumentsDecorator object at 0x7f75fdbe7bb0>, verb_extension=<colcon_core.verb.build.BuildVerb object at 0x7f75fe445720>, main=<bound method BuildVerb.main of <colcon_core.verb.build.BuildVerb object at 0x7f75fe445720>>)
[0.414s] Level 1:colcon.colcon_core.package_discovery:discover_packages(colcon_meta) check parameters
[0.414s] Level 1:colcon.colcon_core.package_discovery:discover_packages(recursive) check parameters
[0.414s] Level 1:colcon.colcon_core.package_discovery:discover_packages(ignore) check parameters
[0.414s] Level 1:colcon.colcon_core.package_discovery:discover_packages(path) check parameters
[0.414s] Level 1:colcon.colcon_core.package_discovery:discover_packages(colcon_meta) discover
[0.414s] Level 1:colcon.colcon_core.package_discovery:discover_packages(recursive) discover
[0.414s] INFO:colcon.colcon_core.package_discovery:Crawling recursively for packages in '/home/nakane/ros2_ws'
[0.414s] Level 1:colcon.colcon_core.package_identification:_identify(.) by extensions ['ignore', 'ignore_ament_install']
[0.414s] Level 1:colcon.colcon_core.package_identification:_identify(.) by extension 'ignore'
[0.415s] Level 1:colcon.colcon_core.package_identification:_identify(.) by extension 'ignore_ament_install'
[0.415s] Level 1:colcon.colcon_core.package_identification:_identify(.) by extensions ['colcon_pkg']
[0.415s] Level 1:colcon.colcon_core.package_identification:_identify(.) by extension 'colcon_pkg'
[0.415s] Level 1:colcon.colcon_core.package_identification:_identify(.) by extensions ['colcon_meta']
[0.415s] Level 1:colcon.colcon_core.package_identification:_identify(.) by extension 'colcon_meta'
[0.415s] Level 1:colcon.colcon_core.package_identification:_identify(.) by extensions ['ros']
[0.415s] Level 1:colcon.colcon_core.package_identification:_identify(.) by extension 'ros'
[0.425s] Level 1:colcon.colcon_core.package_identification:_identify(.) by extensions ['cmake', 'python']
[0.425s] Level 1:colcon.colcon_core.package_identification:_identify(.) by extension 'cmake'
[0.425s] Level 1:colcon.colcon_core.package_identification:_identify(.) by extension 'python'
[0.425s] Level 1:colcon.colcon_core.package_identification:_identify(.) by extensions ['python_setup_py']
[0.425s] Level 1:colcon.colcon_core.package_identification:_identify(.) by extension 'python_setup_py'
[0.425s] Level 1:colcon.colcon_core.package_identification:_identify(build) by extensions ['ignore', 'ignore_ament_install']
[0.426s] Level 1:colcon.colcon_core.package_identification:_identify(build) by extension 'ignore'
[0.426s] Level 1:colcon.colcon_core.package_identification:_identify(build) ignored
[0.426s] Level 1:colcon.colcon_core.package_identification:_identify(install) by extensions ['ignore', 'ignore_ament_install']
[0.426s] Level 1:colcon.colcon_core.package_identification:_identify(install) by extension 'ignore'
[0.426s] Level 1:colcon.colcon_core.package_identification:_identify(install) ignored
[0.426s] Level 1:colcon.colcon_core.package_identification:_identify(log) by extensions ['ignore', 'ignore_ament_install']
[0.426s] Level 1:colcon.colcon_core.package_identification:_identify(log) by extension 'ignore'
[0.426s] Level 1:colcon.colcon_core.package_identification:_identify(log) ignored
[0.426s] Level 1:colcon.colcon_core.package_identification:_identify(src) by extensions ['ignore', 'ignore_ament_install']
[0.426s] Level 1:colcon.colcon_core.package_identification:_identify(src) by extension 'ignore'
[0.426s] Level 1:colcon.colcon_core.package_identification:_identify(src) by extension 'ignore_ament_install'
[0.427s] Level 1:colcon.colcon_core.package_identification:_identify(src) by extensions ['colcon_pkg']
[0.427s] Level 1:colcon.colcon_core.package_identification:_identify(src) by extension 'colcon_pkg'
[0.427s] Level 1:colcon.colcon_core.package_identification:_identify(src) by extensions ['colcon_meta']
[0.427s] Level 1:colcon.colcon_core.package_identification:_identify(src) by extension 'colcon_meta'
[0.427s] Level 1:colcon.colcon_core.package_identification:_identify(src) by extensions ['ros']
[0.427s] Level 1:colcon.colcon_core.package_identification:_identify(src) by extension 'ros'
[0.427s] Level 1:colcon.colcon_core.package_identification:_identify(src) by extensions ['cmake', 'python']
[0.427s] Level 1:colcon.colcon_core.package_identification:_identify(src) by extension 'cmake'
[0.427s] Level 1:colcon.colcon_core.package_identification:_identify(src) by extension 'python'
[0.427s] Level 1:colcon.colcon_core.package_identification:_identify(src) by extensions ['python_setup_py']
[0.427s] Level 1:colcon.colcon_core.package_identification:_identify(src) by extension 'python_setup_py'
[0.427s] Level 1:colcon.colcon_core.package_identification:_identify(src/mypkg) by extensions ['ignore', 'ignore_ament_install']
[0.427s] Level 1:colcon.colcon_core.package_identification:_identify(src/mypkg) by extension 'ignore'
[0.427s] Level 1:colcon.colcon_core.package_identification:_identify(src/mypkg) by extension 'ignore_ament_install'
[0.427s] Level 1:colcon.colcon_core.package_identification:_identify(src/mypkg) by extensions ['colcon_pkg']
[0.428s] Level 1:colcon.colcon_core.package_identification:_identify(src/mypkg) by extension 'colcon_pkg'
[0.428s] Level 1:colcon.colcon_core.package_identification:_identify(src/mypkg) by extensions ['colcon_meta']
[0.428s] Level 1:colcon.colcon_core.package_identification:_identify(src/mypkg) by extension 'colcon_meta'
[0.428s] Level 1:colcon.colcon_core.package_identification:_identify(src/mypkg) by extensions ['ros']
[0.428s] Level 1:colcon.colcon_core.package_identification:_identify(src/mypkg) by extension 'ros'
[0.434s] DEBUG:colcon.colcon_core.package_identification:Failed to parse potential ROS package manifest in'src/mypkg': Error(s) in package 'src/mypkg/package.xml':
The manifest contains invalid XML:
mismatched tag: line 21, column 2
[0.434s] Level 1:colcon.colcon_core.package_identification:_identify(src/mypkg) by extensions ['cmake', 'python']
[0.434s] Level 1:colcon.colcon_core.package_identification:_identify(src/mypkg) by extension 'cmake'
[0.434s] Level 1:colcon.colcon_core.package_identification:_identify(src/mypkg) by extension 'python'
[0.439s] DEBUG:colcon.colcon_core.package_identification:Python package in 'src/mypkg' passes arguments to the setup() function which requires a different identification extension than 'python'
[0.439s] Level 1:colcon.colcon_core.package_identification:_identify(src/mypkg) by extensions ['python_setup_py']
[0.439s] Level 1:colcon.colcon_core.package_identification:_identify(src/mypkg) by extension 'python_setup_py'
[0.742s] ERROR:colcon.colcon_core.package_identification:Exception in package identification extension 'python_setup_py' in 'src/mypkg': Command '['/usr/bin/python3', '-c', 'import sys;from contextlib import suppress;exec("with suppress(ImportError):    from setuptools.extern.packaging.specifiers    import SpecifierSet");exec("with suppress(ImportError):    from packaging.specifiers import SpecifierSet");from distutils.core import run_setup;dist = run_setup(    \'setup.py\', script_args=(\'--dry-run\',), stop_after=\'config\');skip_keys = (\'cmdclass\', \'distclass\', \'ext_modules\', \'metadata\');data = {    key: value for key, value in dist.__dict__.items()     if (        not key.startswith(\'_\') and         not callable(value) and         key not in skip_keys and         key not in dist.display_option_names    )};data[\'metadata\'] = {    k: v for k, v in dist.metadata.__dict__.items()     if k not in (\'license_files\', \'provides_extras\')};sys.stdout.buffer.write(repr(data).encode(\'utf-8\'))']' returned non-zero exit status 1.
Traceback (most recent call last):
  File "/usr/lib/python3/dist-packages/colcon_core/package_identification/__init__.py", line 142, in _identify
    retval = extension.identify(_reused_descriptor_instance)
  File "/usr/lib/python3/dist-packages/colcon_python_setup_py/package_identification/python_setup_py.py", line 48, in identify
    config = get_setup_information(setup_py)
  File "/usr/lib/python3/dist-packages/colcon_python_setup_py/package_identification/python_setup_py.py", line 241, in get_setup_information
    _setup_information_cache[hashable_env] = _get_setup_information(
  File "/usr/lib/python3/dist-packages/colcon_python_setup_py/package_identification/python_setup_py.py", line 288, in _get_setup_information
    result = subprocess.run(
  File "/usr/lib/python3.10/subprocess.py", line 524, in run
    raise CalledProcessError(retcode, process.args,
subprocess.CalledProcessError: Command '['/usr/bin/python3', '-c', 'import sys;from contextlib import suppress;exec("with suppress(ImportError):    from setuptools.extern.packaging.specifiers    import SpecifierSet");exec("with suppress(ImportError):    from packaging.specifiers import SpecifierSet");from distutils.core import run_setup;dist = run_setup(    \'setup.py\', script_args=(\'--dry-run\',), stop_after=\'config\');skip_keys = (\'cmdclass\', \'distclass\', \'ext_modules\', \'metadata\');data = {    key: value for key, value in dist.__dict__.items()     if (        not key.startswith(\'_\') and         not callable(value) and         key not in skip_keys and         key not in dist.display_option_names    )};data[\'metadata\'] = {    k: v for k, v in dist.metadata.__dict__.items()     if k not in (\'license_files\', \'provides_extras\')};sys.stdout.buffer.write(repr(data).encode(\'utf-8\'))']' returned non-zero exit status 1.

[0.749s] Level 1:colcon.colcon_core.package_identification:_identify(src/mypkg/launch) by extensions ['ignore', 'ignore_ament_install']
[0.749s] Level 1:colcon.colcon_core.package_identification:_identify(src/mypkg/launch) by extension 'ignore'
[0.750s] Level 1:colcon.colcon_core.package_identification:_identify(src/mypkg/launch) by extension 'ignore_ament_install'
[0.750s] Level 1:colcon.colcon_core.package_identification:_identify(src/mypkg/launch) by extensions ['colcon_pkg']
[0.750s] Level 1:colcon.colcon_core.package_identification:_identify(src/mypkg/launch) by extension 'colcon_pkg'
[0.750s] Level 1:colcon.colcon_core.package_identification:_identify(src/mypkg/launch) by extensions ['colcon_meta']
[0.750s] Level 1:colcon.colcon_core.package_identification:_identify(src/mypkg/launch) by extension 'colcon_meta'
[0.750s] Level 1:colcon.colcon_core.package_identification:_identify(src/mypkg/launch) by extensions ['ros']
[0.750s] Level 1:colcon.colcon_core.package_identification:_identify(src/mypkg/launch) by extension 'ros'
[0.750s] Level 1:colcon.colcon_core.package_identification:_identify(src/mypkg/launch) by extensions ['cmake', 'python']
[0.750s] Level 1:colcon.colcon_core.package_identification:_identify(src/mypkg/launch) by extension 'cmake'
[0.750s] Level 1:colcon.colcon_core.package_identification:_identify(src/mypkg/launch) by extension 'python'
[0.750s] Level 1:colcon.colcon_core.package_identification:_identify(src/mypkg/launch) by extensions ['python_setup_py']
[0.750s] Level 1:colcon.colcon_core.package_identification:_identify(src/mypkg/launch) by extension 'python_setup_py'
[0.750s] Level 1:colcon.colcon_core.package_identification:_identify(src/mypkg/mypkg) by extensions ['ignore', 'ignore_ament_install']
[0.751s] Level 1:colcon.colcon_core.package_identification:_identify(src/mypkg/mypkg) by extension 'ignore'
[0.751s] Level 1:colcon.colcon_core.package_identification:_identify(src/mypkg/mypkg) by extension 'ignore_ament_install'
[0.751s] Level 1:colcon.colcon_core.package_identification:_identify(src/mypkg/mypkg) by extensions ['colcon_pkg']
[0.751s] Level 1:colcon.colcon_core.package_identification:_identify(src/mypkg/mypkg) by extension 'colcon_pkg'
[0.751s] Level 1:colcon.colcon_core.package_identification:_identify(src/mypkg/mypkg) by extensions ['colcon_meta']
[0.751s] Level 1:colcon.colcon_core.package_identification:_identify(src/mypkg/mypkg) by extension 'colcon_meta'
[0.751s] Level 1:colcon.colcon_core.package_identification:_identify(src/mypkg/mypkg) by extensions ['ros']
[0.751s] Level 1:colcon.colcon_core.package_identification:_identify(src/mypkg/mypkg) by extension 'ros'
[0.751s] Level 1:colcon.colcon_core.package_identification:_identify(src/mypkg/mypkg) by extensions ['cmake', 'python']
[0.751s] Level 1:colcon.colcon_core.package_identification:_identify(src/mypkg/mypkg) by extension 'cmake'
[0.751s] Level 1:colcon.colcon_core.package_identification:_identify(src/mypkg/mypkg) by extension 'python'
[0.751s] Level 1:colcon.colcon_core.package_identification:_identify(src/mypkg/mypkg) by extensions ['python_setup_py']
[0.751s] Level 1:colcon.colcon_core.package_identification:_identify(src/mypkg/mypkg) by extension 'python_setup_py'
[0.751s] Level 1:colcon.colcon_core.package_identification:_identify(src/mypkg/resource) by extensions ['ignore', 'ignore_ament_install']
[0.752s] Level 1:colcon.colcon_core.package_identification:_identify(src/mypkg/resource) by extension 'ignore'
[0.752s] Level 1:colcon.colcon_core.package_identification:_identify(src/mypkg/resource) by extension 'ignore_ament_install'
[0.752s] Level 1:colcon.colcon_core.package_identification:_identify(src/mypkg/resource) by extensions ['colcon_pkg']
[0.752s] Level 1:colcon.colcon_core.package_identification:_identify(src/mypkg/resource) by extension 'colcon_pkg'
[0.752s] Level 1:colcon.colcon_core.package_identification:_identify(src/mypkg/resource) by extensions ['colcon_meta']
[0.752s] Level 1:colcon.colcon_core.package_identification:_identify(src/mypkg/resource) by extension 'colcon_meta'
[0.752s] Level 1:colcon.colcon_core.package_identification:_identify(src/mypkg/resource) by extensions ['ros']
[0.752s] Level 1:colcon.colcon_core.package_identification:_identify(src/mypkg/resource) by extension 'ros'
[0.752s] Level 1:colcon.colcon_core.package_identification:_identify(src/mypkg/resource) by extensions ['cmake', 'python']
[0.752s] Level 1:colcon.colcon_core.package_identification:_identify(src/mypkg/resource) by extension 'cmake'
[0.752s] Level 1:colcon.colcon_core.package_identification:_identify(src/mypkg/resource) by extension 'python'
[0.752s] Level 1:colcon.colcon_core.package_identification:_identify(src/mypkg/resource) by extensions ['python_setup_py']
[0.752s] Level 1:colcon.colcon_core.package_identification:_identify(src/mypkg/resource) by extension 'python_setup_py'
[0.752s] Level 1:colcon.colcon_core.package_identification:_identify(src/mypkg/test) by extensions ['ignore', 'ignore_ament_install']
[0.753s] Level 1:colcon.colcon_core.package_identification:_identify(src/mypkg/test) by extension 'ignore'
[0.753s] Level 1:colcon.colcon_core.package_identification:_identify(src/mypkg/test) by extension 'ignore_ament_install'
[0.753s] Level 1:colcon.colcon_core.package_identification:_identify(src/mypkg/test) by extensions ['colcon_pkg']
[0.753s] Level 1:colcon.colcon_core.package_identification:_identify(src/mypkg/test) by extension 'colcon_pkg'
[0.753s] Level 1:colcon.colcon_core.package_identification:_identify(src/mypkg/test) by extensions ['colcon_meta']
[0.753s] Level 1:colcon.colcon_core.package_identification:_identify(src/mypkg/test) by extension 'colcon_meta'
[0.753s] Level 1:colcon.colcon_core.package_identification:_identify(src/mypkg/test) by extensions ['ros']
[0.753s] Level 1:colcon.colcon_core.package_identification:_identify(src/mypkg/test) by extension 'ros'
[0.753s] Level 1:colcon.colcon_core.package_identification:_identify(src/mypkg/test) by extensions ['cmake', 'python']
[0.753s] Level 1:colcon.colcon_core.package_identification:_identify(src/mypkg/test) by extension 'cmake'
[0.753s] Level 1:colcon.colcon_core.package_identification:_identify(src/mypkg/test) by extension 'python'
[0.753s] Level 1:colcon.colcon_core.package_identification:_identify(src/mypkg/test) by extensions ['python_setup_py']
[0.753s] Level 1:colcon.colcon_core.package_identification:_identify(src/mypkg/test) by extension 'python_setup_py'
[0.753s] Level 1:colcon.colcon_core.package_discovery:discover_packages(recursive) using defaults
[0.753s] Level 1:colcon.colcon_core.package_discovery:discover_packages(ignore) discover
[0.753s] Level 1:colcon.colcon_core.package_discovery:discover_packages(ignore) using defaults
[0.753s] Level 1:colcon.colcon_core.package_discovery:discover_packages(path) discover
[0.753s] Level 1:colcon.colcon_core.package_discovery:discover_packages(path) using defaults
[0.775s] Level 1:colcon.colcon_core.package_discovery:discover_packages(prefix_path) check parameters
[0.775s] Level 1:colcon.colcon_core.package_discovery:discover_packages(prefix_path) discover
[0.778s] DEBUG:colcon.colcon_installed_package_information.package_discovery:Found 1 installed packages in /home/nakane/ros2_ws/install
[0.780s] DEBUG:colcon.colcon_installed_package_information.package_discovery:Found 270 installed packages in /opt/ros/humble
[0.781s] Level 1:colcon.colcon_core.package_discovery:discover_packages(prefix_path) using defaults
[0.858s] INFO:colcon.colcon_core.executor:Executing jobs using 'parallel' executor
[0.860s] DEBUG:colcon.colcon_parallel_executor.executor.parallel:run_until_complete
[0.860s] DEBUG:colcon.colcon_parallel_executor.executor.parallel:closing loop
[0.860s] DEBUG:colcon.colcon_parallel_executor.executor.parallel:loop closed
[0.860s] DEBUG:colcon.colcon_parallel_executor.executor.parallel:run_until_complete finished with '0'
[0.860s] DEBUG:colcon.colcon_core.event_reactor:joining thread
[0.870s] INFO:colcon.colcon_core.plugin_system:Skipping extension 'colcon_notification.desktop_notification.notify_send': Could not find 'notify-send'
[0.870s] INFO:colcon.colcon_core.plugin_system:Skipping extension 'colcon_notification.desktop_notification.terminal_notifier': Not used on non-Darwin systems
[0.870s] INFO:colcon.colcon_core.plugin_system:Skipping extension 'colcon_notification.desktop_notification.win32': Not used on non-Windows systems
[0.870s] INFO:colcon.colcon_notification.desktop_notification:Sending desktop notification using 'notify2'
[0.870s] DEBUG:colcon.colcon_notification.desktop_notification.notify2:Failed to initialize notify2: org.freedesktop.DBus.Error.NotSupported: Unable to autolaunch a dbus-daemon without a $DISPLAY for X11
[0.870s] DEBUG:colcon.colcon_core.event_reactor:joined thread
[0.875s] INFO:colcon.colcon_core.plugin_system:Skipping extension 'colcon_core.shell.bat': Not used on non-Windows systems
[0.875s] INFO:colcon.colcon_core.shell:Creating prefix script '/home/nakane/ros2_ws/install/local_setup.ps1'
[0.876s] INFO:colcon.colcon_core.shell:Creating prefix util module '/home/nakane/ros2_ws/install/_local_setup_util_ps1.py'
[0.877s] INFO:colcon.colcon_core.shell:Creating prefix chain script '/home/nakane/ros2_ws/install/setup.ps1'
[0.878s] INFO:colcon.colcon_core.shell:Creating prefix script '/home/nakane/ros2_ws/install/local_setup.sh'
[0.879s] INFO:colcon.colcon_core.shell:Creating prefix util module '/home/nakane/ros2_ws/install/_local_setup_util_sh.py'
[0.879s] INFO:colcon.colcon_core.shell:Creating prefix chain script '/home/nakane/ros2_ws/install/setup.sh'
[0.881s] INFO:colcon.colcon_core.shell:Creating prefix script '/home/nakane/ros2_ws/install/local_setup.bash'
[0.881s] INFO:colcon.colcon_core.shell:Creating prefix chain script '/home/nakane/ros2_ws/install/setup.bash'
[0.882s] INFO:colcon.colcon_core.shell:Creating prefix script '/home/nakane/ros2_ws/install/local_setup.zsh'
[0.883s] INFO:colcon.colcon_core.shell:Creating prefix chain script '/home/nakane/ros2_ws/install/setup.zsh'
