[1.059s] Invoking command in '/home/nakane/ros2_ws/src/mypkg': PYTHONPATH=/home/nakane/ros2_ws/build/mypkg/prefix_override:/home/nakane/ros2_ws/install/mypkg/lib/python3.10/site-packages:${PYTHONPATH} /usr/bin/python3 setup.py egg_info --egg-base ../../build/mypkg build --build-base /home/nakane/ros2_ws/build/mypkg/build install --record /home/nakane/ros2_ws/build/mypkg/install.log --single-version-externally-managed
[1.358s] running egg_info
[1.358s] writing ../../build/mypkg/mypkg.egg-info/PKG-INFO
[1.358s] writing dependency_links to ../../build/mypkg/mypkg.egg-info/dependency_links.txt
[1.359s] writing entry points to ../../build/mypkg/mypkg.egg-info/entry_points.txt
[1.359s] writing requirements to ../../build/mypkg/mypkg.egg-info/requires.txt
[1.359s] writing top-level names to ../../build/mypkg/mypkg.egg-info/top_level.txt
[1.361s] reading manifest file '../../build/mypkg/mypkg.egg-info/SOURCES.txt'
[1.366s] writing manifest file '../../build/mypkg/mypkg.egg-info/SOURCES.txt'
[1.366s] running build
[1.366s] running build_py
[1.366s] running install
[1.373s] /usr/lib/python3/dist-packages/setuptools/command/install.py:34: SetuptoolsDeprecationWarning: setup.py install is deprecated. Use build and pip and other standards-based tools.
[1.373s]   warnings.warn(
[1.373s] running install_lib
[1.375s] running install_data
[1.375s] copying package.xml -> /home/nakane/ros2_ws/install/mypkg/share/mypkg
[1.376s] copying launch/talk_listen.launch.py -> /home/nakane/ros2_ws/install/mypkg/share/mypkg
[1.380s] running install_egg_info
[1.382s] removing '/home/nakane/ros2_ws/install/mypkg/lib/python3.10/site-packages/mypkg-0.0.0-py3.10.egg-info' (and everything under it)
[1.383s] Copying ../../build/mypkg/mypkg.egg-info to /home/nakane/ros2_ws/install/mypkg/lib/python3.10/site-packages/mypkg-0.0.0-py3.10.egg-info
[1.403s] running install_scripts
[1.423s] Installing listener script to /home/nakane/ros2_ws/install/mypkg/lib/mypkg
[1.424s] Installing talker script to /home/nakane/ros2_ws/install/mypkg/lib/mypkg
[1.424s] writing list of installed files to '/home/nakane/ros2_ws/build/mypkg/install.log'
[1.439s] Invoked command in '/home/nakane/ros2_ws/src/mypkg' returned '0': PYTHONPATH=/home/nakane/ros2_ws/build/mypkg/prefix_override:/home/nakane/ros2_ws/install/mypkg/lib/python3.10/site-packages:${PYTHONPATH} /usr/bin/python3 setup.py egg_info --egg-base ../../build/mypkg build --build-base /home/nakane/ros2_ws/build/mypkg/build install --record /home/nakane/ros2_ws/build/mypkg/install.log --single-version-externally-managed
