[1.246s] Invoking command in '/home/nakane/ros2_ws/src/mypkg': PYTHONPATH=/home/nakane/ros2_ws/build/mypkg/prefix_override:/home/nakane/ros2_ws/install/mypkg/lib/python3.10/site-packages:${PYTHONPATH} /usr/bin/python3 setup.py egg_info --egg-base ../../build/mypkg build --build-base /home/nakane/ros2_ws/build/mypkg/build install --record /home/nakane/ros2_ws/build/mypkg/install.log --single-version-externally-managed
[1.536s] running egg_info
[1.536s] creating ../../build/mypkg/mypkg.egg-info
[1.537s] writing ../../build/mypkg/mypkg.egg-info/PKG-INFO
[1.538s] writing dependency_links to ../../build/mypkg/mypkg.egg-info/dependency_links.txt
[1.538s] writing entry points to ../../build/mypkg/mypkg.egg-info/entry_points.txt
[1.538s] writing requirements to ../../build/mypkg/mypkg.egg-info/requires.txt
[1.539s] writing top-level names to ../../build/mypkg/mypkg.egg-info/top_level.txt
[1.539s] writing manifest file '../../build/mypkg/mypkg.egg-info/SOURCES.txt'
[1.541s] reading manifest file '../../build/mypkg/mypkg.egg-info/SOURCES.txt'
[1.542s] writing manifest file '../../build/mypkg/mypkg.egg-info/SOURCES.txt'
[1.542s] running build
[1.542s] running build_py
[1.543s] creating /home/nakane/ros2_ws/build/mypkg/build
[1.543s] creating /home/nakane/ros2_ws/build/mypkg/build/lib
[1.543s] creating /home/nakane/ros2_ws/build/mypkg/build/lib/mypkg
[1.543s] copying mypkg/__init__.py -> /home/nakane/ros2_ws/build/mypkg/build/lib/mypkg
[1.544s] running install
[1.544s] /usr/lib/python3/dist-packages/setuptools/command/install.py:34: SetuptoolsDeprecationWarning: setup.py install is deprecated. Use build and pip and other standards-based tools.
[1.544s]   warnings.warn(
[1.544s] running install_lib
[1.545s] creating /home/nakane/ros2_ws/install/mypkg/lib/python3.10/site-packages/mypkg
[1.546s] copying /home/nakane/ros2_ws/build/mypkg/build/lib/mypkg/__init__.py -> /home/nakane/ros2_ws/install/mypkg/lib/python3.10/site-packages/mypkg
[1.547s] byte-compiling /home/nakane/ros2_ws/install/mypkg/lib/python3.10/site-packages/mypkg/__init__.py to __init__.cpython-310.pyc
[1.548s] running install_data
[1.548s] creating /home/nakane/ros2_ws/install/mypkg/share/ament_index
[1.548s] creating /home/nakane/ros2_ws/install/mypkg/share/ament_index/resource_index
[1.549s] creating /home/nakane/ros2_ws/install/mypkg/share/ament_index/resource_index/packages
[1.549s] copying resource/mypkg -> /home/nakane/ros2_ws/install/mypkg/share/ament_index/resource_index/packages
[1.549s] copying package.xml -> /home/nakane/ros2_ws/install/mypkg/share/mypkg
[1.550s] running install_egg_info
[1.551s] Copying ../../build/mypkg/mypkg.egg-info to /home/nakane/ros2_ws/install/mypkg/lib/python3.10/site-packages/mypkg-0.0.0-py3.10.egg-info
[1.570s] running install_scripts
[1.590s] writing list of installed files to '/home/nakane/ros2_ws/build/mypkg/install.log'
[1.606s] Invoked command in '/home/nakane/ros2_ws/src/mypkg' returned '0': PYTHONPATH=/home/nakane/ros2_ws/build/mypkg/prefix_override:/home/nakane/ros2_ws/install/mypkg/lib/python3.10/site-packages:${PYTHONPATH} /usr/bin/python3 setup.py egg_info --egg-base ../../build/mypkg build --build-base /home/nakane/ros2_ws/build/mypkg/build install --record /home/nakane/ros2_ws/build/mypkg/install.log --single-version-externally-managed
